Using pre-set license
Built from '2020.3/release' branch; Version is '2020.3.31f1 (6b54b7616050) revision 7034039'; Using compiler version '192528614'; Build Type 'Release'
OS: 'Windows 11  (10.0.22000) 64bit CoreSingleLanguage' Language: 'es' Physical Memory: 3863 MB
BatchMode: 1, IsHumanControllingUs: 0, StartBugReporterOnCrash: 0, Is64bit: 1, IsPro: 0

COMMAND LINE ARGUMENTS:
C:\Program Files\Unity\Hub\Editor\2020.3.31f1\Editor\Unity.exe
-adb2
-batchMode
-noUpm
-name
AssetImportWorker5
-projectPath
C:/Users/duvan/Proyecto/Aplicaci-n-interactiva-para-apoyar-terapia-de-ni-os-con-discalculia/V 1.0.0
-logFile
Logs/AssetImportWorker5.log
-srvPort
63470
Successfully changed project path to: C:/Users/duvan/Proyecto/Aplicaci-n-interactiva-para-apoyar-terapia-de-ni-os-con-discalculia/V 1.0.0
C:/Users/duvan/Proyecto/Aplicaci-n-interactiva-para-apoyar-terapia-de-ni-os-con-discalculia/V 1.0.0
Using Asset Import Pipeline V2.
Refreshing native plugins compatible for Editor in 51.20 ms, found 1 plugins.
Preloading 0 native plugins for Editor in 0.00 ms.
Initialize engine version: 2020.3.31f1 (6b54b7616050)
[Subsystems] Discovering subsystems at path C:/Program Files/Unity/Hub/Editor/2020.3.31f1/Editor/Data/Resources/UnitySubsystems
[Subsystems] Discovering subsystems at path C:/Users/duvan/Proyecto/Aplicaci-n-interactiva-para-apoyar-terapia-de-ni-os-con-discalculia/V 1.0.0/Assets
GfxDevice: creating device client; threaded=0
Direct3D:
    Version:  Direct3D 11.0 [level 11.1]
    Renderer: Intel(R) UHD Graphics (ID=0x8a56)
    Vendor:   
    VRAM:     1931 MB
    Driver:   30.0.101.1338
Initialize mono
Mono path[0] = 'C:/Program Files/Unity/Hub/Editor/2020.3.31f1/Editor/Data/Managed'
Mono path[1] = 'C:/Program Files/Unity/Hub/Editor/2020.3.31f1/Editor/Data/MonoBleedingEdge/lib/mono/unityjit'
Mono config path = 'C:/Program Files/Unity/Hub/Editor/2020.3.31f1/Editor/Data/MonoBleedingEdge/etc'
Using monoOptions --debugger-agent=transport=dt_socket,embedding=1,server=y,suspend=n,address=127.0.0.1:56940
Begin MonoManager ReloadAssembly
Registering precompiled unity dll's ...
Register platform support module: C:/Program Files/Unity/Hub/Editor/2020.3.31f1/Editor/Data/PlaybackEngines/WebGLSupport/UnityEditor.WebGL.Extensions.dll
Register platform support module: C:/Program Files/Unity/Hub/Editor/2020.3.31f1/Editor/Data/PlaybackEngines/WindowsStandaloneSupport/UnityEditor.WindowsStandalone.Extensions.dll
Registered in 0.001527 seconds.
Native extension for WindowsStandalone target not found
Native extension for WebGL target not found
Refreshing native plugins compatible for Editor in 65.28 ms, found 1 plugins.
Preloading 0 native plugins for Editor in 0.00 ms.
Mono: successfully reloaded assembly
- Completed reload, in  0.855 seconds
Domain Reload Profiling:
	ReloadAssembly (855ms)
		BeginReloadAssembly (239ms)
			ExecutionOrderSort (0ms)
			DisableScriptedObjects (0ms)
			BackupInstance (0ms)
			ReleaseScriptingObjects (0ms)
			CreateAndSetChildDomain (1ms)
		EndReloadAssembly (531ms)
			LoadAssemblies (237ms)
			RebuildTransferFunctionScriptingTraits (0ms)
			SetupTypeCache (162ms)
			ReleaseScriptCaches (0ms)
			RebuildScriptCaches (31ms)
			SetupLoadedEditorAssemblies (239ms)
				LogAssemblyErrors (0ms)
				InitializePlatformSupportModulesInManaged (5ms)
				SetLoadedEditorAssemblies (0ms)
				RefreshPlugins (65ms)
				BeforeProcessingInitializeOnLoad (10ms)
				ProcessInitializeOnLoadAttributes (129ms)
				ProcessInitializeOnLoadMethodAttributes (29ms)
				AfterProcessingInitializeOnLoad (0ms)
				EditorAssembliesLoaded (0ms)
			ExecutionOrderSort2 (0ms)
			AwakeInstancesAfterBackupRestoration (0ms)
Platform modules already initialized, skipping
Registering precompiled user dll's ...
Registered in 0.080985 seconds.
Begin MonoManager ReloadAssembly
Native extension for WindowsStandalone target not found
Native extension for WebGL target not found
Refreshing native plugins compatible for Editor in 0.44 ms, found 1 plugins.
Preloading 0 native plugins for Editor in 0.00 ms.
Mono: successfully reloaded assembly
- Completed reload, in  2.082 seconds
Domain Reload Profiling:
	ReloadAssembly (2084ms)
		BeginReloadAssembly (186ms)
			ExecutionOrderSort (0ms)
			DisableScriptedObjects (4ms)
			BackupInstance (0ms)
			ReleaseScriptingObjects (0ms)
			CreateAndSetChildDomain (23ms)
		EndReloadAssembly (1789ms)
			LoadAssemblies (286ms)
			RebuildTransferFunctionScriptingTraits (0ms)
			SetupTypeCache (313ms)
			ReleaseScriptCaches (0ms)
			RebuildScriptCaches (64ms)
			SetupLoadedEditorAssemblies (1028ms)
				LogAssemblyErrors (0ms)
				InitializePlatformSupportModulesInManaged (6ms)
				SetLoadedEditorAssemblies (1ms)
				RefreshPlugins (1ms)
				BeforeProcessingInitializeOnLoad (60ms)
				ProcessInitializeOnLoadAttributes (950ms)
				ProcessInitializeOnLoadMethodAttributes (6ms)
				AfterProcessingInitializeOnLoad (4ms)
				EditorAssembliesLoaded (0ms)
			ExecutionOrderSort2 (0ms)
			AwakeInstancesAfterBackupRestoration (7ms)
Platform modules already initialized, skipping
========================================================================
Worker process is ready to serve import requests
Launched and connected shader compiler UnityShaderCompiler.exe after 1.30 seconds
Refreshing native plugins compatible for Editor in 0.80 ms, found 1 plugins.
Preloading 0 native plugins for Editor in 0.00 ms.
Unloading 2070 Unused Serialized files (Serialized files now loaded: 0)
System memory in use before: 96.0 MB.
System memory in use after: 96.0 MB.

Unloading 104 unused Assets to reduce memory usage. Loaded Objects now: 2500.
Total: 32.025500 ms (FindLiveObjects: 0.288400 ms CreateObjectMapping: 0.145000 ms MarkObjects: 30.981100 ms  DeleteObjects: 0.605900 ms)

AssetImportParameters requested are different than current active one (requested -> active):
  custom:framework-win-MediaFoundation: 216162199b28c13a410421893ffa2e32 -> 
  custom:video-decoder-ogg-theora: a1e56fd34408186e4bbccfd4996cb3dc -> 
  custom:container-muxer-webm: aa71ff27fc2769a1b78a27578f13a17b -> 
  custom:container-demuxer-webm: 4f35f7cbe854078d1ac9338744f61a02 -> 
  custom:container-demuxer-ogg: 62fdf1f143b41e24485cea50d1cbac27 -> 
  custom:video-encoder-webm-vp8: eb34c28f22e8b96e1ab97ce403110664 -> 
  custom:video-decoder-webm-vp8: 9c59270c3fd7afecdb556c50c9e8de78 -> 
  custom:audio-decoder-ogg-vorbis: bf7c407c2cedff20999df2af8eb42d56 -> 
  custom:audio-encoder-webm-vorbis: bf7c407c2cedff20999df2af8eb42d56 -> 
========================================================================
Received Import Request.
  path: Assets/Scenes/Op-M1-N2.unity
  artifactKey: Guid(bcb54ed46b78d2f4495570b31881a8c9) Importer(815301076,1909f56bfc062723c751e8b465ee728b)
Start importing Assets/Scenes/Op-M1-N2.unity using Guid(bcb54ed46b78d2f4495570b31881a8c9) Importer(815301076,1909f56bfc062723c751e8b465ee728b)  -> (artifact id: '2fcd495d343055ddbb7429e7f43576a3') in 1.202359 seconds 
========================================================================
Received Import Request.
  Time since last request: 725.924570 seconds.
  path: Assets/Fondos/Fondo1.jpg
  artifactKey: Guid(fd14b192740e3144ca5f0b50cb238af4) Importer(815301076,1909f56bfc062723c751e8b465ee728b)
Start importing Assets/Fondos/Fondo1.jpg using Guid(fd14b192740e3144ca5f0b50cb238af4) Importer(815301076,1909f56bfc062723c751e8b465ee728b)  -> (artifact id: 'd96644b728c6eba51379e566782f3181') in 2.384740 seconds 
========================================================================
Received Import Request.
  Time since last request: 0.000450 seconds.
  path: Assets/Fondos/Fondo2.jpg
  artifactKey: Guid(5d2f9ba55bc268440bc9915c5aa63d08) Importer(815301076,1909f56bfc062723c751e8b465ee728b)
Start importing Assets/Fondos/Fondo2.jpg using Guid(5d2f9ba55bc268440bc9915c5aa63d08) Importer(815301076,1909f56bfc062723c751e8b465ee728b)  -> (artifact id: '7557cebd7ac02ff47c54973061686dcc') in 0.426138 seconds 
========================================================================
Received Import Request.
  Time since last request: 0.000483 seconds.
  path: Assets/Fondos/Fondo3.jpg
  artifactKey: Guid(b4ee5fbf299423148b46a8e4f1902478) Importer(815301076,1909f56bfc062723c751e8b465ee728b)
Start importing Assets/Fondos/Fondo3.jpg using Guid(b4ee5fbf299423148b46a8e4f1902478) Importer(815301076,1909f56bfc062723c751e8b465ee728b)  -> (artifact id: 'f636fdba5af0c80f9f3528a29a60931b') in 1.741872 seconds 
========================================================================
Received Import Request.
  Time since last request: 73.885209 seconds.
  path: Assets/Scenes/Op-M1-N3.unity
  artifactKey: Guid(40cc98b277d6fad4b93fff8d76e4749e) Importer(815301076,1909f56bfc062723c751e8b465ee728b)
Start importing Assets/Scenes/Op-M1-N3.unity using Guid(40cc98b277d6fad4b93fff8d76e4749e) Importer(815301076,1909f56bfc062723c751e8b465ee728b)  -> (artifact id: '7dde685e966fb08e60b8f7155700a522') in 0.164384 seconds 
========================================================================
Received Import Request.
  Time since last request: 17.006809 seconds.
  path: Assets/Scenes/Op-M1-N2.unity
  artifactKey: Guid(bcb54ed46b78d2f4495570b31881a8c9) Importer(815301076,1909f56bfc062723c751e8b465ee728b)
Start importing Assets/Scenes/Op-M1-N2.unity using Guid(bcb54ed46b78d2f4495570b31881a8c9) Importer(815301076,1909f56bfc062723c751e8b465ee728b)  -> (artifact id: '0d12b62fcb45c8a21b524177ef98cdc1') in 0.081993 seconds 
========================================================================
Received Import Request.
  Time since last request: 7.147312 seconds.
  path: Assets/Scenes/Op-M1-N3.unity
  artifactKey: Guid(40cc98b277d6fad4b93fff8d76e4749e) Importer(815301076,1909f56bfc062723c751e8b465ee728b)
Start importing Assets/Scenes/Op-M1-N3.unity using Guid(40cc98b277d6fad4b93fff8d76e4749e) Importer(815301076,1909f56bfc062723c751e8b465ee728b)  -> (artifact id: '0af1ac4f4e4d6d7e491519ba1f8a4a45') in 0.004581 seconds 
========================================================================
Received Import Request.
  Time since last request: 50.765001 seconds.
  path: Assets/Scenes/Reg-M1-N1.unity
  artifactKey: Guid(d480357e08d840e45b7c04626f1dfde9) Importer(815301076,1909f56bfc062723c751e8b465ee728b)
Start importing Assets/Scenes/Reg-M1-N1.unity using Guid(d480357e08d840e45b7c04626f1dfde9) Importer(815301076,1909f56bfc062723c751e8b465ee728b)  -> (artifact id: '595fcf41c1f889461cbaafd6fd60afdd') in 0.189488 seconds 
========================================================================
Received Import Request.
  Time since last request: 203.244891 seconds.
  path: Assets/Fondos/pizarra.jpg
  artifactKey: Guid(edc570b69c4f1c24eaf669812842e0e1) Importer(815301076,1909f56bfc062723c751e8b465ee728b)
Start importing Assets/Fondos/pizarra.jpg using Guid(edc570b69c4f1c24eaf669812842e0e1) Importer(815301076,1909f56bfc062723c751e8b465ee728b)  -> (artifact id: '00000000000000000000000000000000') in 0.044395 seconds  code(4) message(Build asset version error: assets/fondos/pizarra.jpg in SourceAssetDB has modification time of '2022-06-02T16:33:46.4477643Z' while content on disk has modification time of '2022-06-02T16:35:46.9732275Z')
  ERROR: Build asset version error: assets/fondos/pizarra.jpg in SourceAssetDB has modification time of '2022-06-02T16:33:46.4477643Z' while content on disk has modification time of '2022-06-02T16:35:46.9732275Z'
========================================================================
Received Import Request.
  Time since last request: 73.493391 seconds.
  path: Assets/Fondos/pizarra.jpg
  artifactKey: Guid(edc570b69c4f1c24eaf669812842e0e1) Importer(815301076,1909f56bfc062723c751e8b465ee728b)
Start importing Assets/Fondos/pizarra.jpg using Guid(edc570b69c4f1c24eaf669812842e0e1) Importer(815301076,1909f56bfc062723c751e8b465ee728b)  -> (artifact id: '6ddaeaf2e10596d5c5f19a83b8c635e7') in 0.024605 seconds 
========================================================================
Received Prepare
Registering precompiled user dll's ...
Registered in 0.079757 seconds.
Begin MonoManager ReloadAssembly
Native extension for WindowsStandalone target not found
Native extension for WebGL target not found
Refreshing native plugins compatible for Editor in 0.69 ms, found 1 plugins.
Preloading 0 native plugins for Editor in 0.00 ms.
Warning: Annotation not found!
UnityEngine.StackTraceUtility:ExtractStackTrace ()
UnityEditor.ProBuilder.EditorUtility:SetGizmoIconEnabled (System.Type,bool) (at Library/PackageCache/com.unity.probuilder@5.0.1/Editor/EditorCore/EditorUtility.cs:575)
UnityEditor.ProBuilder.HierarchyListener:.cctor () (at Library/PackageCache/com.unity.probuilder@5.0.1/Editor/EditorCore/HierarchyListener.cs:21)
System.Runtime.CompilerServices.RuntimeHelpers:RunClassConstructor (System.RuntimeTypeHandle)
UnityEditor.EditorAssemblies:ProcessInitializeOnLoadAttributes (System.Type[])

[Library/PackageCache/com.unity.probuilder@5.0.1/Editor/EditorCore/EditorUtility.cs line 575]

Mono: successfully reloaded assembly
- Completed reload, in  5.560 seconds
Domain Reload Profiling:
	ReloadAssembly (5642ms)
		BeginReloadAssembly (4204ms)
			ExecutionOrderSort (0ms)
			DisableScriptedObjects (388ms)
			BackupInstance (0ms)
			ReleaseScriptingObjects (0ms)
			CreateAndSetChildDomain (1723ms)
		EndReloadAssembly (1228ms)
			LoadAssemblies (387ms)
			RebuildTransferFunctionScriptingTraits (0ms)
			SetupTypeCache (360ms)
			ReleaseScriptCaches (2ms)
			RebuildScriptCaches (63ms)
			SetupLoadedEditorAssemblies (423ms)
				LogAssemblyErrors (0ms)
				InitializePlatformSupportModulesInManaged (6ms)
				SetLoadedEditorAssemblies (1ms)
				RefreshPlugins (1ms)
				BeforeProcessingInitializeOnLoad (88ms)
				ProcessInitializeOnLoadAttributes (312ms)
				ProcessInitializeOnLoadMethodAttributes (9ms)
				AfterProcessingInitializeOnLoad (6ms)
				EditorAssembliesLoaded (0ms)
			ExecutionOrderSort2 (0ms)
			AwakeInstancesAfterBackupRestoration (51ms)
Platform modules already initialized, skipping
Refreshing native plugins compatible for Editor in 0.86 ms, found 1 plugins.
Preloading 0 native plugins for Editor in 0.00 ms.
Unloading 2016 Unused Serialized files (Serialized files now loaded: 0)
System memory in use before: 94.2 MB.
System memory in use after: 94.2 MB.

Unloading 12 unused Assets to reduce memory usage. Loaded Objects now: 2516.
Total: 29.249200 ms (FindLiveObjects: 0.524600 ms CreateObjectMapping: 0.101400 ms MarkObjects: 28.464800 ms  DeleteObjects: 0.155100 ms)

AssetImportParameters requested are different than current active one (requested -> active):
  custom:framework-win-MediaFoundation: 216162199b28c13a410421893ffa2e32 -> 
  custom:video-decoder-ogg-theora: a1e56fd34408186e4bbccfd4996cb3dc -> 
  custom:container-muxer-webm: aa71ff27fc2769a1b78a27578f13a17b -> 
  custom:container-demuxer-webm: 4f35f7cbe854078d1ac9338744f61a02 -> 
  custom:container-demuxer-ogg: 62fdf1f143b41e24485cea50d1cbac27 -> 
  custom:video-encoder-webm-vp8: eb34c28f22e8b96e1ab97ce403110664 -> 
  custom:video-decoder-webm-vp8: 9c59270c3fd7afecdb556c50c9e8de78 -> 
  custom:audio-decoder-ogg-vorbis: bf7c407c2cedff20999df2af8eb42d56 -> 
  custom:audio-encoder-webm-vorbis: bf7c407c2cedff20999df2af8eb42d56 -> 
========================================================================
Received Import Request.
  Time since last request: 272.017324 seconds.
  path: Assets/Fondos/pizarra 2.jpg
  artifactKey: Guid(0ba8987d779785646abe8a19f016ed43) Importer(815301076,1909f56bfc062723c751e8b465ee728b)
Start importing Assets/Fondos/pizarra 2.jpg using Guid(0ba8987d779785646abe8a19f016ed43) Importer(815301076,1909f56bfc062723c751e8b465ee728b)  -> (artifact id: '05f1463d8175ccf5f2e15d35451c2fad') in 0.180624 seconds 
========================================================================
Received Prepare
Registering precompiled user dll's ...
Registered in 0.288187 seconds.
Begin MonoManager ReloadAssembly
Native extension for WindowsStandalone target not found
Native extension for WebGL target not found
Refreshing native plugins compatible for Editor in 1.19 ms, found 1 plugins.
Preloading 0 native plugins for Editor in 0.00 ms.
Warning: Annotation not found!
UnityEngine.StackTraceUtility:ExtractStackTrace ()
UnityEditor.ProBuilder.EditorUtility:SetGizmoIconEnabled (System.Type,bool) (at Library/PackageCache/com.unity.probuilder@5.0.1/Editor/EditorCore/EditorUtility.cs:575)
UnityEditor.ProBuilder.HierarchyListener:.cctor () (at Library/PackageCache/com.unity.probuilder@5.0.1/Editor/EditorCore/HierarchyListener.cs:21)
System.Runtime.CompilerServices.RuntimeHelpers:RunClassConstructor (System.RuntimeTypeHandle)
UnityEditor.EditorAssemblies:ProcessInitializeOnLoadAttributes (System.Type[])

[Library/PackageCache/com.unity.probuilder@5.0.1/Editor/EditorCore/EditorUtility.cs line 575]

Mono: successfully reloaded assembly
- Completed reload, in  4.380 seconds
Domain Reload Profiling:
	ReloadAssembly (4381ms)
		BeginReloadAssembly (1277ms)
			ExecutionOrderSort (0ms)
			DisableScriptedObjects (8ms)
			BackupInstance (0ms)
			ReleaseScriptingObjects (0ms)
			CreateAndSetChildDomain (95ms)
		EndReloadAssembly (2989ms)
			LoadAssemblies (2812ms)
			RebuildTransferFunctionScriptingTraits (0ms)
			SetupTypeCache (310ms)
			ReleaseScriptCaches (1ms)
			RebuildScriptCaches (48ms)
			SetupLoadedEditorAssemblies (683ms)
				LogAssemblyErrors (0ms)
				InitializePlatformSupportModulesInManaged (55ms)
				SetLoadedEditorAssemblies (13ms)
				RefreshPlugins (2ms)
				BeforeProcessingInitializeOnLoad (110ms)
				ProcessInitializeOnLoadAttributes (483ms)
				ProcessInitializeOnLoadMethodAttributes (8ms)
				AfterProcessingInitializeOnLoad (11ms)
				EditorAssembliesLoaded (0ms)
			ExecutionOrderSort2 (0ms)
			AwakeInstancesAfterBackupRestoration (9ms)
Platform modules already initialized, skipping
Refreshing native plugins compatible for Editor in 0.93 ms, found 1 plugins.
Preloading 0 native plugins for Editor in 0.00 ms.
Unloading 2016 Unused Serialized files (Serialized files now loaded: 0)
System memory in use before: 94.2 MB.
System memory in use after: 94.3 MB.

Unloading 12 unused Assets to reduce memory usage. Loaded Objects now: 2520.
Total: 5.675100 ms (FindLiveObjects: 0.337000 ms CreateObjectMapping: 0.146100 ms MarkObjects: 4.988000 ms  DeleteObjects: 0.200600 ms)

AssetImportParameters requested are different than current active one (requested -> active):
  custom:framework-win-MediaFoundation: 216162199b28c13a410421893ffa2e32 -> 
  custom:video-decoder-ogg-theora: a1e56fd34408186e4bbccfd4996cb3dc -> 
  custom:container-muxer-webm: aa71ff27fc2769a1b78a27578f13a17b -> 
  custom:container-demuxer-webm: 4f35f7cbe854078d1ac9338744f61a02 -> 
  custom:container-demuxer-ogg: 62fdf1f143b41e24485cea50d1cbac27 -> 
  custom:video-encoder-webm-vp8: eb34c28f22e8b96e1ab97ce403110664 -> 
  custom:video-decoder-webm-vp8: 9c59270c3fd7afecdb556c50c9e8de78 -> 
  custom:audio-decoder-ogg-vorbis: bf7c407c2cedff20999df2af8eb42d56 -> 
  custom:audio-encoder-webm-vorbis: bf7c407c2cedff20999df2af8eb42d56 -> 
========================================================================
Received Import Request.
  Time since last request: 189.977659 seconds.
  path: Assets/Fondos/pizarra 3.jpg
  artifactKey: Guid(c0f6aa15a1fab8a42a64b9fac98050a1) Importer(815301076,1909f56bfc062723c751e8b465ee728b)
Start importing Assets/Fondos/pizarra 3.jpg using Guid(c0f6aa15a1fab8a42a64b9fac98050a1) Importer(815301076,1909f56bfc062723c751e8b465ee728b)  -> (artifact id: 'e2f46484d3a7db03ab8ed51ee4fc9e68') in 0.270139 seconds 
========================================================================
Received Import Request.
  Time since last request: 9.820460 seconds.
  path: Assets/Fondos/pizarra 3.jpg
  artifactKey: Guid(c0f6aa15a1fab8a42a64b9fac98050a1) Importer(815301076,1909f56bfc062723c751e8b465ee728b)
Start importing Assets/Fondos/pizarra 3.jpg using Guid(c0f6aa15a1fab8a42a64b9fac98050a1) Importer(815301076,1909f56bfc062723c751e8b465ee728b)  -> (artifact id: '41f20e1cb5d186b4f902100669474495') in 0.111758 seconds 
========================================================================
Received Prepare
Registering precompiled user dll's ...
Registered in 0.002392 seconds.
Begin MonoManager ReloadAssembly
Native extension for WindowsStandalone target not found
Native extension for WebGL target not found
Refreshing native plugins compatible for Editor in 0.53 ms, found 1 plugins.
Preloading 0 native plugins for Editor in 0.00 ms.
Warning: Annotation not found!
UnityEngine.StackTraceUtility:ExtractStackTrace ()
UnityEditor.ProBuilder.EditorUtility:SetGizmoIconEnabled (System.Type,bool) (at Library/PackageCache/com.unity.probuilder@5.0.1/Editor/EditorCore/EditorUtility.cs:575)
UnityEditor.ProBuilder.HierarchyListener:.cctor () (at Library/PackageCache/com.unity.probuilder@5.0.1/Editor/EditorCore/HierarchyListener.cs:21)
System.Runtime.CompilerServices.RuntimeHelpers:RunClassConstructor (System.RuntimeTypeHandle)
UnityEditor.EditorAssemblies:ProcessInitializeOnLoadAttributes (System.Type[])

[Library/PackageCache/com.unity.probuilder@5.0.1/Editor/EditorCore/EditorUtility.cs line 575]

Mono: successfully reloaded assembly
- Completed reload, in  2.440 seconds
Domain Reload Profiling:
	ReloadAssembly (2440ms)
		BeginReloadAssembly (755ms)
			ExecutionOrderSort (0ms)
			DisableScriptedObjects (5ms)
			BackupInstance (0ms)
			ReleaseScriptingObjects (0ms)
			CreateAndSetChildDomain (95ms)
		EndReloadAssembly (1628ms)
			LoadAssemblies (1426ms)
			RebuildTransferFunctionScriptingTraits (0ms)
			SetupTypeCache (349ms)
			ReleaseScriptCaches (1ms)
			RebuildScriptCaches (37ms)
			SetupLoadedEditorAssemblies (232ms)
				LogAssemblyErrors (0ms)
				InitializePlatformSupportModulesInManaged (6ms)
				SetLoadedEditorAssemblies (1ms)
				RefreshPlugins (1ms)
				BeforeProcessingInitializeOnLoad (49ms)
				ProcessInitializeOnLoadAttributes (165ms)
				ProcessInitializeOnLoadMethodAttributes (6ms)
				AfterProcessingInitializeOnLoad (4ms)
				EditorAssembliesLoaded (0ms)
			ExecutionOrderSort2 (0ms)
			AwakeInstancesAfterBackupRestoration (11ms)
Platform modules already initialized, skipping
Refreshing native plugins compatible for Editor in 0.85 ms, found 1 plugins.
Preloading 0 native plugins for Editor in 0.00 ms.
Unloading 2016 Unused Serialized files (Serialized files now loaded: 0)
System memory in use before: 94.2 MB.
System memory in use after: 94.3 MB.

Unloading 12 unused Assets to reduce memory usage. Loaded Objects now: 2526.
Total: 3.313600 ms (FindLiveObjects: 0.184300 ms CreateObjectMapping: 0.065200 ms MarkObjects: 2.950700 ms  DeleteObjects: 0.110200 ms)

AssetImportParameters requested are different than current active one (requested -> active):
  custom:framework-win-MediaFoundation: 216162199b28c13a410421893ffa2e32 -> 
  custom:video-decoder-ogg-theora: a1e56fd34408186e4bbccfd4996cb3dc -> 
  custom:container-muxer-webm: aa71ff27fc2769a1b78a27578f13a17b -> 
  custom:container-demuxer-webm: 4f35f7cbe854078d1ac9338744f61a02 -> 
  custom:container-demuxer-ogg: 62fdf1f143b41e24485cea50d1cbac27 -> 
  custom:video-encoder-webm-vp8: eb34c28f22e8b96e1ab97ce403110664 -> 
  custom:video-decoder-webm-vp8: 9c59270c3fd7afecdb556c50c9e8de78 -> 
  custom:audio-decoder-ogg-vorbis: bf7c407c2cedff20999df2af8eb42d56 -> 
  custom:audio-encoder-webm-vorbis: bf7c407c2cedff20999df2af8eb42d56 -> 
========================================================================
Received Import Request.
  Time since last request: 329.187218 seconds.
  path: Assets/Fondos/pizarra 3.jpg
  artifactKey: Guid(c0f6aa15a1fab8a42a64b9fac98050a1) Importer(815301076,1909f56bfc062723c751e8b465ee728b)
Start importing Assets/Fondos/pizarra 3.jpg using Guid(c0f6aa15a1fab8a42a64b9fac98050a1) Importer(815301076,1909f56bfc062723c751e8b465ee728b)  -> (artifact id: '7997c0d24ab3fbcded708c5438bbb66e') in 0.141459 seconds 
========================================================================
Received Import Request.
  Time since last request: 54.522885 seconds.
  path: Assets/Scenes/Reg-M1-N1.unity
  artifactKey: Guid(d480357e08d840e45b7c04626f1dfde9) Importer(815301076,1909f56bfc062723c751e8b465ee728b)
Start importing Assets/Scenes/Reg-M1-N1.unity using Guid(d480357e08d840e45b7c04626f1dfde9) Importer(815301076,1909f56bfc062723c751e8b465ee728b)  -> (artifact id: 'e7a12ae27d9bf90ecbec76a5c048809b') in 0.057893 seconds 
========================================================================
Received Import Request.
  Time since last request: 145.162040 seconds.
  path: Assets/Scenes/Reg-M1-N2.unity
  artifactKey: Guid(a2fb8544933370f499c72f06dd4ab180) Importer(815301076,1909f56bfc062723c751e8b465ee728b)
Start importing Assets/Scenes/Reg-M1-N2.unity using Guid(a2fb8544933370f499c72f06dd4ab180) Importer(815301076,1909f56bfc062723c751e8b465ee728b)  -> (artifact id: '431e0c8b02b0178fead614779ff63353') in 0.210768 seconds 
========================================================================
Received Import Request.
  Time since last request: 7.353367 seconds.
  path: Assets/Scenes/Reg-M1-N1.unity
  artifactKey: Guid(d480357e08d840e45b7c04626f1dfde9) Importer(815301076,1909f56bfc062723c751e8b465ee728b)
Start importing Assets/Scenes/Reg-M1-N1.unity using Guid(d480357e08d840e45b7c04626f1dfde9) Importer(815301076,1909f56bfc062723c751e8b465ee728b)  -> (artifact id: '70e35074d73db3475e2905606537d9de') in 0.007689 seconds 
========================================================================
Received Import Request.
  Time since last request: 67.859942 seconds.
  path: Assets/Scenes/Reg-M1-N2.unity
  artifactKey: Guid(a2fb8544933370f499c72f06dd4ab180) Importer(815301076,1909f56bfc062723c751e8b465ee728b)
Start importing Assets/Scenes/Reg-M1-N2.unity using Guid(a2fb8544933370f499c72f06dd4ab180) Importer(815301076,1909f56bfc062723c751e8b465ee728b)  -> (artifact id: '2494ed3e0dcff4e1638878d25bb3b413') in 0.006824 seconds 
========================================================================
Received Import Request.
  Time since last request: 79.265112 seconds.
  path: Assets/Scenes/Reg-M1-N2.unity
  artifactKey: Guid(a2fb8544933370f499c72f06dd4ab180) Importer(815301076,1909f56bfc062723c751e8b465ee728b)
Start importing Assets/Scenes/Reg-M1-N2.unity using Guid(a2fb8544933370f499c72f06dd4ab180) Importer(815301076,1909f56bfc062723c751e8b465ee728b)  -> (artifact id: '4e48b9d240431e178c0c12262149fdea') in 0.104640 seconds 
========================================================================
Received Import Request.
  Time since last request: 34.182011 seconds.
  path: Assets/Scenes/Reg-M1-N3.unity
  artifactKey: Guid(6f558db2c1b7aa14884802cb65c8e4c5) Importer(815301076,1909f56bfc062723c751e8b465ee728b)
Start importing Assets/Scenes/Reg-M1-N3.unity using Guid(6f558db2c1b7aa14884802cb65c8e4c5) Importer(815301076,1909f56bfc062723c751e8b465ee728b)  -> (artifact id: 'c50e15da1268913202242addbcf049ee') in 0.169660 seconds 
========================================================================
Received Import Request.
  Time since last request: 3.103791 seconds.
  path: Assets/Scenes/Reg-M1-N1.unity
  artifactKey: Guid(d480357e08d840e45b7c04626f1dfde9) Importer(815301076,1909f56bfc062723c751e8b465ee728b)
Start importing Assets/Scenes/Reg-M1-N1.unity using Guid(d480357e08d840e45b7c04626f1dfde9) Importer(815301076,1909f56bfc062723c751e8b465ee728b)  -> (artifact id: 'b0231525c430f513b0394a4f76f18669') in 0.007623 seconds 
========================================================================
Received Prepare
Registering precompiled user dll's ...
Registered in 0.002812 seconds.
Begin MonoManager ReloadAssembly
Native extension for WindowsStandalone target not found
Native extension for WebGL target not found
Refreshing native plugins compatible for Editor in 0.44 ms, found 1 plugins.
Preloading 0 native plugins for Editor in 0.00 ms.
Warning: Annotation not found!
UnityEngine.StackTraceUtility:ExtractStackTrace ()
UnityEditor.ProBuilder.EditorUtility:SetGizmoIconEnabled (System.Type,bool) (at Library/PackageCache/com.unity.probuilder@5.0.1/Editor/EditorCore/EditorUtility.cs:575)
UnityEditor.ProBuilder.HierarchyListener:.cctor () (at Library/PackageCache/com.unity.probuilder@5.0.1/Editor/EditorCore/HierarchyListener.cs:21)
System.Runtime.CompilerServices.RuntimeHelpers:RunClassConstructor (System.RuntimeTypeHandle)
UnityEditor.EditorAssemblies:ProcessInitializeOnLoadAttributes (System.Type[])

[Library/PackageCache/com.unity.probuilder@5.0.1/Editor/EditorCore/EditorUtility.cs line 575]

Mono: successfully reloaded assembly
- Completed reload, in  0.900 seconds
Domain Reload Profiling:
	ReloadAssembly (901ms)
		BeginReloadAssembly (172ms)
			ExecutionOrderSort (0ms)
			DisableScriptedObjects (4ms)
			BackupInstance (0ms)
			ReleaseScriptingObjects (0ms)
			CreateAndSetChildDomain (46ms)
		EndReloadAssembly (668ms)
			LoadAssemblies (134ms)
			RebuildTransferFunctionScriptingTraits (0ms)
			SetupTypeCache (235ms)
			ReleaseScriptCaches (1ms)
			RebuildScriptCaches (37ms)
			SetupLoadedEditorAssemblies (222ms)
				LogAssemblyErrors (0ms)
				InitializePlatformSupportModulesInManaged (6ms)
				SetLoadedEditorAssemblies (1ms)
				RefreshPlugins (1ms)
				BeforeProcessingInitializeOnLoad (49ms)
				ProcessInitializeOnLoadAttributes (157ms)
				ProcessInitializeOnLoadMethodAttributes (5ms)
				AfterProcessingInitializeOnLoad (4ms)
				EditorAssembliesLoaded (0ms)
			ExecutionOrderSort2 (0ms)
			AwakeInstancesAfterBackupRestoration (6ms)
Platform modules already initialized, skipping
Refreshing native plugins compatible for Editor in 0.42 ms, found 1 plugins.
Preloading 0 native plugins for Editor in 0.00 ms.
Unloading 2016 Unused Serialized files (Serialized files now loaded: 0)
System memory in use before: 94.3 MB.
System memory in use after: 94.3 MB.

Unloading 12 unused Assets to reduce memory usage. Loaded Objects now: 2532.
Total: 2.925500 ms (FindLiveObjects: 0.176400 ms CreateObjectMapping: 0.062500 ms MarkObjects: 2.599100 ms  DeleteObjects: 0.086400 ms)

AssetImportParameters requested are different than current active one (requested -> active):
  custom:framework-win-MediaFoundation: 216162199b28c13a410421893ffa2e32 -> 
  custom:video-decoder-ogg-theora: a1e56fd34408186e4bbccfd4996cb3dc -> 
  custom:container-muxer-webm: aa71ff27fc2769a1b78a27578f13a17b -> 
  custom:container-demuxer-webm: 4f35f7cbe854078d1ac9338744f61a02 -> 
  custom:container-demuxer-ogg: 62fdf1f143b41e24485cea50d1cbac27 -> 
  custom:video-encoder-webm-vp8: eb34c28f22e8b96e1ab97ce403110664 -> 
  custom:video-decoder-webm-vp8: 9c59270c3fd7afecdb556c50c9e8de78 -> 
  custom:audio-decoder-ogg-vorbis: bf7c407c2cedff20999df2af8eb42d56 -> 
  custom:audio-encoder-webm-vorbis: bf7c407c2cedff20999df2af8eb42d56 -> 
========================================================================
Received Import Request.
  Time since last request: 138.872378 seconds.
  path: Assets/Scenes/Dado-M1.unity
  artifactKey: Guid(71f11f48114893947b95e5c1f6447482) Importer(815301076,1909f56bfc062723c751e8b465ee728b)
Start importing Assets/Scenes/Dado-M1.unity using Guid(71f11f48114893947b95e5c1f6447482) Importer(815301076,1909f56bfc062723c751e8b465ee728b)  -> (artifact id: '17b350ceb78db06ae9678a8daf181511') in 0.112289 seconds 
========================================================================
Received Prepare
Registering precompiled user dll's ...
Registered in 0.002840 seconds.
Begin MonoManager ReloadAssembly
Native extension for WindowsStandalone target not found
Native extension for WebGL target not found
Refreshing native plugins compatible for Editor in 0.42 ms, found 1 plugins.
Preloading 0 native plugins for Editor in 0.00 ms.
Warning: Annotation not found!
UnityEngine.StackTraceUtility:ExtractStackTrace ()
UnityEditor.ProBuilder.EditorUtility:SetGizmoIconEnabled (System.Type,bool) (at Library/PackageCache/com.unity.probuilder@5.0.1/Editor/EditorCore/EditorUtility.cs:575)
UnityEditor.ProBuilder.HierarchyListener:.cctor () (at Library/PackageCache/com.unity.probuilder@5.0.1/Editor/EditorCore/HierarchyListener.cs:21)
System.Runtime.CompilerServices.RuntimeHelpers:RunClassConstructor (System.RuntimeTypeHandle)
UnityEditor.EditorAssemblies:ProcessInitializeOnLoadAttributes (System.Type[])

[Library/PackageCache/com.unity.probuilder@5.0.1/Editor/EditorCore/EditorUtility.cs line 575]

Mono: successfully reloaded assembly
- Completed reload, in  1.024 seconds
Domain Reload Profiling:
	ReloadAssembly (1024ms)
		BeginReloadAssembly (182ms)
			ExecutionOrderSort (0ms)
			DisableScriptedObjects (5ms)
			BackupInstance (0ms)
			ReleaseScriptingObjects (0ms)
			CreateAndSetChildDomain (27ms)
		EndReloadAssembly (784ms)
			LoadAssemblies (254ms)
			RebuildTransferFunctionScriptingTraits (0ms)
			SetupTypeCache (245ms)
			ReleaseScriptCaches (1ms)
			RebuildScriptCaches (36ms)
			SetupLoadedEditorAssemblies (237ms)
				LogAssemblyErrors (0ms)
				InitializePlatformSupportModulesInManaged (6ms)
				SetLoadedEditorAssemblies (1ms)
				RefreshPlugins (1ms)
				BeforeProcessingInitializeOnLoad (52ms)
				ProcessInitializeOnLoadAttributes (168ms)
				ProcessInitializeOnLoadMethodAttributes (5ms)
				AfterProcessingInitializeOnLoad (4ms)
				EditorAssembliesLoaded (0ms)
			ExecutionOrderSort2 (0ms)
			AwakeInstancesAfterBackupRestoration (6ms)
Platform modules already initialized, skipping
Refreshing native plugins compatible for Editor in 0.41 ms, found 1 plugins.
Preloading 0 native plugins for Editor in 0.00 ms.
Unloading 2016 Unused Serialized files (Serialized files now loaded: 0)
System memory in use before: 94.2 MB.
System memory in use after: 94.2 MB.

Unloading 12 unused Assets to reduce memory usage. Loaded Objects now: 2535.
Total: 2.888700 ms (FindLiveObjects: 0.164600 ms CreateObjectMapping: 0.060600 ms MarkObjects: 2.569500 ms  DeleteObjects: 0.092600 ms)

AssetImportParameters requested are different than current active one (requested -> active):
  custom:framework-win-MediaFoundation: 216162199b28c13a410421893ffa2e32 -> 
  custom:video-decoder-ogg-theora: a1e56fd34408186e4bbccfd4996cb3dc -> 
  custom:container-muxer-webm: aa71ff27fc2769a1b78a27578f13a17b -> 
  custom:container-demuxer-webm: 4f35f7cbe854078d1ac9338744f61a02 -> 
  custom:container-demuxer-ogg: 62fdf1f143b41e24485cea50d1cbac27 -> 
  custom:video-encoder-webm-vp8: eb34c28f22e8b96e1ab97ce403110664 -> 
  custom:video-decoder-webm-vp8: 9c59270c3fd7afecdb556c50c9e8de78 -> 
  custom:audio-decoder-ogg-vorbis: bf7c407c2cedff20999df2af8eb42d56 -> 
  custom:audio-encoder-webm-vorbis: bf7c407c2cedff20999df2af8eb42d56 -> 
========================================================================
Received Import Request.
  Time since last request: 89.125891 seconds.
  path: Assets/Scenes/Op-M1-N3.unity
  artifactKey: Guid(40cc98b277d6fad4b93fff8d76e4749e) Importer(815301076,1909f56bfc062723c751e8b465ee728b)
Start importing Assets/Scenes/Op-M1-N3.unity using Guid(40cc98b277d6fad4b93fff8d76e4749e) Importer(815301076,1909f56bfc062723c751e8b465ee728b)  -> (artifact id: 'ffd1b5c5a66330b77dbd098d03adfaf2') in 0.047040 seconds 
========================================================================
Received Import Request.
  Time since last request: 14.043467 seconds.
  path: Assets/Scenes/Dado-M1.unity
  artifactKey: Guid(71f11f48114893947b95e5c1f6447482) Importer(815301076,1909f56bfc062723c751e8b465ee728b)
Start importing Assets/Scenes/Dado-M1.unity using Guid(71f11f48114893947b95e5c1f6447482) Importer(815301076,1909f56bfc062723c751e8b465ee728b)  -> (artifact id: 'b9591bc93460715b81f2c8bcb9fb51eb') in 0.010611 seconds 
