Using pre-set license
Built from '2020.3/release' branch; Version is '2020.3.31f1 (6b54b7616050) revision 7034039'; Using compiler version '192528614'; Build Type 'Release'
OS: 'Windows 10  (10.0.19043) 64bit CoreSingleLanguage' Language: 'es' Physical Memory: 3985 MB
BatchMode: 1, IsHumanControllingUs: 0, StartBugReporterOnCrash: 0, Is64bit: 1, IsPro: 0

COMMAND LINE ARGUMENTS:
C:\Program Files\Unity\Hub\Editor\2020.3.31f1\Editor\Unity.exe
-adb2
-batchMode
-noUpm
-name
AssetImportWorker1
-projectPath
C:/Users/CATO/Desktop/dismath/Aplicaci-n-interactiva-para-apoyar-terapia-de-ni-os-con-discalculia/V 1.0.0
-logFile
Logs/AssetImportWorker1.log
-srvPort
62224
Successfully changed project path to: C:/Users/CATO/Desktop/dismath/Aplicaci-n-interactiva-para-apoyar-terapia-de-ni-os-con-discalculia/V 1.0.0
C:/Users/CATO/Desktop/dismath/Aplicaci-n-interactiva-para-apoyar-terapia-de-ni-os-con-discalculia/V 1.0.0
Using Asset Import Pipeline V2.
Refreshing native plugins compatible for Editor in 108.25 ms, found 1 plugins.
Preloading 0 native plugins for Editor in 0.00 ms.
Initialize engine version: 2020.3.31f1 (6b54b7616050)
[Subsystems] Discovering subsystems at path C:/Program Files/Unity/Hub/Editor/2020.3.31f1/Editor/Data/Resources/UnitySubsystems
[Subsystems] Discovering subsystems at path C:/Users/CATO/Desktop/dismath/Aplicaci-n-interactiva-para-apoyar-terapia-de-ni-os-con-discalculia/V 1.0.0/Assets
GfxDevice: creating device client; threaded=0
Direct3D:
    Version:  Direct3D 11.0 [level 11.0]
    Renderer: Intel(R) HD Graphics (ID=0x152)
    Vendor:   
    VRAM:     128 MB
    Driver:   10.18.10.4252
Initialize mono
Mono path[0] = 'C:/Program Files/Unity/Hub/Editor/2020.3.31f1/Editor/Data/Managed'
Mono path[1] = 'C:/Program Files/Unity/Hub/Editor/2020.3.31f1/Editor/Data/MonoBleedingEdge/lib/mono/unityjit'
Mono config path = 'C:/Program Files/Unity/Hub/Editor/2020.3.31f1/Editor/Data/MonoBleedingEdge/etc'
Using monoOptions --debugger-agent=transport=dt_socket,embedding=1,server=y,suspend=n,address=127.0.0.1:56104
Begin MonoManager ReloadAssembly
Registering precompiled unity dll's ...
Register platform support module: C:/Program Files/Unity/Hub/Editor/2020.3.31f1/Editor/Data/PlaybackEngines/WebGLSupport/UnityEditor.WebGL.Extensions.dll
Register platform support module: C:/Program Files/Unity/Hub/Editor/2020.3.31f1/Editor/Data/PlaybackEngines/WindowsStandaloneSupport/UnityEditor.WindowsStandalone.Extensions.dll
Registered in 0.004293 seconds.
Native extension for WindowsStandalone target not found
Native extension for WebGL target not found
Refreshing native plugins compatible for Editor in 80.97 ms, found 1 plugins.
Preloading 0 native plugins for Editor in 0.00 ms.
Mono: successfully reloaded assembly
- Completed reload, in  1.208 seconds
Domain Reload Profiling:
	ReloadAssembly (1208ms)
		BeginReloadAssembly (122ms)
			ExecutionOrderSort (0ms)
			DisableScriptedObjects (0ms)
			BackupInstance (0ms)
			ReleaseScriptingObjects (0ms)
			CreateAndSetChildDomain (1ms)
		EndReloadAssembly (924ms)
			LoadAssemblies (119ms)
			RebuildTransferFunctionScriptingTraits (0ms)
			SetupTypeCache (339ms)
			ReleaseScriptCaches (0ms)
			RebuildScriptCaches (56ms)
			SetupLoadedEditorAssemblies (326ms)
				LogAssemblyErrors (0ms)
				InitializePlatformSupportModulesInManaged (9ms)
				SetLoadedEditorAssemblies (0ms)
				RefreshPlugins (81ms)
				BeforeProcessingInitializeOnLoad (14ms)
				ProcessInitializeOnLoadAttributes (165ms)
				ProcessInitializeOnLoadMethodAttributes (56ms)
				AfterProcessingInitializeOnLoad (0ms)
				EditorAssembliesLoaded (0ms)
			ExecutionOrderSort2 (0ms)
			AwakeInstancesAfterBackupRestoration (0ms)
Platform modules already initialized, skipping
Registering precompiled user dll's ...
Registered in 0.005151 seconds.
Begin MonoManager ReloadAssembly
Native extension for WindowsStandalone target not found
Native extension for WebGL target not found
Refreshing native plugins compatible for Editor in 0.72 ms, found 1 plugins.
Preloading 0 native plugins for Editor in 0.00 ms.
Mono: successfully reloaded assembly
- Completed reload, in  3.891 seconds
Domain Reload Profiling:
	ReloadAssembly (3893ms)
		BeginReloadAssembly (300ms)
			ExecutionOrderSort (0ms)
			DisableScriptedObjects (9ms)
			BackupInstance (0ms)
			ReleaseScriptingObjects (0ms)
			CreateAndSetChildDomain (29ms)
		EndReloadAssembly (3474ms)
			LoadAssemblies (1939ms)
			RebuildTransferFunctionScriptingTraits (0ms)
			SetupTypeCache (451ms)
			ReleaseScriptCaches (1ms)
			RebuildScriptCaches (107ms)
			SetupLoadedEditorAssemblies (806ms)
				LogAssemblyErrors (0ms)
				InitializePlatformSupportModulesInManaged (10ms)
				SetLoadedEditorAssemblies (1ms)
				RefreshPlugins (1ms)
				BeforeProcessingInitializeOnLoad (106ms)
				ProcessInitializeOnLoadAttributes (662ms)
				ProcessInitializeOnLoadMethodAttributes (12ms)
				AfterProcessingInitializeOnLoad (14ms)
				EditorAssembliesLoaded (0ms)
			ExecutionOrderSort2 (0ms)
			AwakeInstancesAfterBackupRestoration (11ms)
Platform modules already initialized, skipping
========================================================================
Worker process is ready to serve import requests
Launched and connected shader compiler UnityShaderCompiler.exe after 0.38 seconds
Refreshing native plugins compatible for Editor in 1.79 ms, found 1 plugins.
Preloading 0 native plugins for Editor in 0.00 ms.
Unloading 2068 Unused Serialized files (Serialized files now loaded: 0)
System memory in use before: 96.0 MB.
System memory in use after: 96.0 MB.

Unloading 104 unused Assets to reduce memory usage. Loaded Objects now: 2498.
Total: 5.330500 ms (FindLiveObjects: 0.311900 ms CreateObjectMapping: 0.237600 ms MarkObjects: 4.457100 ms  DeleteObjects: 0.322500 ms)

AssetImportParameters requested are different than current active one (requested -> active):
  custom:framework-win-MediaFoundation: 216162199b28c13a410421893ffa2e32 -> 
  custom:video-decoder-ogg-theora: a1e56fd34408186e4bbccfd4996cb3dc -> 
  custom:container-muxer-webm: aa71ff27fc2769a1b78a27578f13a17b -> 
  custom:container-demuxer-webm: 4f35f7cbe854078d1ac9338744f61a02 -> 
  custom:container-demuxer-ogg: 62fdf1f143b41e24485cea50d1cbac27 -> 
  custom:video-encoder-webm-vp8: eb34c28f22e8b96e1ab97ce403110664 -> 
  custom:video-decoder-webm-vp8: 9c59270c3fd7afecdb556c50c9e8de78 -> 
  custom:audio-decoder-ogg-vorbis: bf7c407c2cedff20999df2af8eb42d56 -> 
  custom:audio-encoder-webm-vorbis: bf7c407c2cedff20999df2af8eb42d56 -> 
========================================================================
Received Import Request.
  path: Assets/Scenes
  artifactKey: Guid(23be105f81b5ce74fb1d3296d28162e1) Importer(815301076,1909f56bfc062723c751e8b465ee728b)
Start importing Assets/Scenes using Guid(23be105f81b5ce74fb1d3296d28162e1) Importer(815301076,1909f56bfc062723c751e8b465ee728b)  -> (artifact id: '3b3c412f54e7308962a6e29049930a18') in 0.054483 seconds 
========================================================================
Received Import Request.
  Time since last request: 70.442145 seconds.
  path: Assets/materiales/azul lindo.mat
  artifactKey: Guid(ab8141065eaf1db4b8d57d6707167eca) Importer(815301076,1909f56bfc062723c751e8b465ee728b)
Start importing Assets/materiales/azul lindo.mat using Guid(ab8141065eaf1db4b8d57d6707167eca) Importer(815301076,1909f56bfc062723c751e8b465ee728b)  -> (artifact id: 'c8b644832da535bad3cdf5238bb59550') in 0.628527 seconds 
========================================================================
Received Import Request.
  Time since last request: 0.000356 seconds.
  path: Assets/materiales/check.png
  artifactKey: Guid(c6490d35a6ff69c4eb12cfdc701996c5) Importer(815301076,1909f56bfc062723c751e8b465ee728b)
Start importing Assets/materiales/check.png using Guid(c6490d35a6ff69c4eb12cfdc701996c5) Importer(815301076,1909f56bfc062723c751e8b465ee728b)  -> (artifact id: 'ae84859452b274e749bc630c771f41a3') in 0.393831 seconds 
========================================================================
Received Import Request.
  Time since last request: 0.000465 seconds.
  path: Assets/materiales/lila.mat
  artifactKey: Guid(07a0ecd2f5b7b9448a23803b91cae863) Importer(815301076,1909f56bfc062723c751e8b465ee728b)
Start importing Assets/materiales/lila.mat using Guid(07a0ecd2f5b7b9448a23803b91cae863) Importer(815301076,1909f56bfc062723c751e8b465ee728b)  -> (artifact id: '2835f3116ad896664eb0dad8db97b86d') in 0.144999 seconds 
========================================================================
Received Import Request.
  Time since last request: 0.000428 seconds.
  path: Assets/materiales/cafe.mat
  artifactKey: Guid(fd61eabc9d18b3f448c3d094ab177650) Importer(815301076,1909f56bfc062723c751e8b465ee728b)
Start importing Assets/materiales/cafe.mat using Guid(fd61eabc9d18b3f448c3d094ab177650) Importer(815301076,1909f56bfc062723c751e8b465ee728b)  -> (artifact id: 'a3042003a80820d3cfebe0c329b049b3') in 0.070487 seconds 
========================================================================
Received Import Request.
  Time since last request: 0.000379 seconds.
  path: Assets/materiales/morado.mat
  artifactKey: Guid(e7f52d35f64f19d4ba10bb0fa06d63bb) Importer(815301076,1909f56bfc062723c751e8b465ee728b)
Start importing Assets/materiales/morado.mat using Guid(e7f52d35f64f19d4ba10bb0fa06d63bb) Importer(815301076,1909f56bfc062723c751e8b465ee728b)  -> (artifact id: '9af6aa2dcf9d202512ebb2db57fc1012') in 0.103660 seconds 
========================================================================
Received Import Request.
  Time since last request: 0.000759 seconds.
  path: Assets/materiales/crono.png
  artifactKey: Guid(fac9e158df959244294a6d1071108353) Importer(815301076,1909f56bfc062723c751e8b465ee728b)
Start importing Assets/materiales/crono.png using Guid(fac9e158df959244294a6d1071108353) Importer(815301076,1909f56bfc062723c751e8b465ee728b)  -> (artifact id: '7eed31d596b5bc7e32b13c7d5faad622') in 0.104628 seconds 
========================================================================
Received Import Request.
  Time since last request: 0.000597 seconds.
  path: Assets/materiales/verde.mat
  artifactKey: Guid(c24fabbecc313a14791aea7f83a9a2ab) Importer(815301076,1909f56bfc062723c751e8b465ee728b)
Start importing Assets/materiales/verde.mat using Guid(c24fabbecc313a14791aea7f83a9a2ab) Importer(815301076,1909f56bfc062723c751e8b465ee728b)  -> (artifact id: '6b532edf06153647791ede97552843c0') in 0.095683 seconds 
========================================================================
Received Import Request.
  Time since last request: 0.000740 seconds.
  path: Assets/materiales/rosa.mat
  artifactKey: Guid(4a867bce15ad40c4990824b511a2d2b8) Importer(815301076,1909f56bfc062723c751e8b465ee728b)
Start importing Assets/materiales/rosa.mat using Guid(4a867bce15ad40c4990824b511a2d2b8) Importer(815301076,1909f56bfc062723c751e8b465ee728b)  -> (artifact id: '81b438ac4f8011fd5f655fa074553d43') in 0.160605 seconds 
========================================================================
Received Import Request.
  Time since last request: 0.000518 seconds.
  path: Assets/materiales/GROBOLD.ttf
  artifactKey: Guid(3f21a6dab6925594c879b3b68b365f9d) Importer(815301076,1909f56bfc062723c751e8b465ee728b)
Start importing Assets/materiales/GROBOLD.ttf using Guid(3f21a6dab6925594c879b3b68b365f9d) Importer(815301076,1909f56bfc062723c751e8b465ee728b)  -> (artifact id: '08b46230d55bb202d2a1509ae6884c9f') in 0.301543 seconds 
========================================================================
Received Import Request.
  Time since last request: 0.000337 seconds.
  path: Assets/materiales/gris mas  claro.mat
  artifactKey: Guid(7e087902517d1914f98d85cfe2d4341a) Importer(815301076,1909f56bfc062723c751e8b465ee728b)
Start importing Assets/materiales/gris mas  claro.mat using Guid(7e087902517d1914f98d85cfe2d4341a) Importer(815301076,1909f56bfc062723c751e8b465ee728b)  -> (artifact id: '32c957591a0ad25b05820f79cf4cdaef') in 0.064587 seconds 
========================================================================
Received Import Request.
  Time since last request: 0.000404 seconds.
  path: Assets/materiales/mostaza.mat
  artifactKey: Guid(1fa61ab5501cdd04f865e79f706413d8) Importer(815301076,1909f56bfc062723c751e8b465ee728b)
Start importing Assets/materiales/mostaza.mat using Guid(1fa61ab5501cdd04f865e79f706413d8) Importer(815301076,1909f56bfc062723c751e8b465ee728b)  -> (artifact id: '0669cdfe2795d8af5681212efb8ac86f') in 0.123002 seconds 
========================================================================
Received Import Request.
  Time since last request: 0.000738 seconds.
  path: Assets/materiales/azul.mat
  artifactKey: Guid(2f2c4568b456b7444acac03a2d05d174) Importer(815301076,1909f56bfc062723c751e8b465ee728b)
Start importing Assets/materiales/azul.mat using Guid(2f2c4568b456b7444acac03a2d05d174) Importer(815301076,1909f56bfc062723c751e8b465ee728b)  -> (artifact id: '318ae50c4122243ea9334a8d478b04db') in 0.047787 seconds 
========================================================================
Received Import Request.
  Time since last request: 0.000590 seconds.
  path: Assets/materiales/Boldfinger.ttf
  artifactKey: Guid(2a6ba1a00ab10634d8df8161ae489da6) Importer(815301076,1909f56bfc062723c751e8b465ee728b)
Start importing Assets/materiales/Boldfinger.ttf using Guid(2a6ba1a00ab10634d8df8161ae489da6) Importer(815301076,1909f56bfc062723c751e8b465ee728b)  -> (artifact id: '56b83e234254c4e202f0a53458171966') in 0.082834 seconds 
========================================================================
Received Import Request.
  Time since last request: 0.000733 seconds.
  path: Assets/materiales/blanco.mat
  artifactKey: Guid(b826cc09c7100004aba8688311a22fb7) Importer(815301076,1909f56bfc062723c751e8b465ee728b)
Start importing Assets/materiales/blanco.mat using Guid(b826cc09c7100004aba8688311a22fb7) Importer(815301076,1909f56bfc062723c751e8b465ee728b)  -> (artifact id: '3f7e2eb79dd6f23aeae41baa8d959187') in 0.779670 seconds 
========================================================================
Received Import Request.
  Time since last request: 0.000330 seconds.
  path: Assets/materiales/theboldfont.ttf
  artifactKey: Guid(07a7b89f611351745ae516bff37198db) Importer(815301076,1909f56bfc062723c751e8b465ee728b)
Start importing Assets/materiales/theboldfont.ttf using Guid(07a7b89f611351745ae516bff37198db) Importer(815301076,1909f56bfc062723c751e8b465ee728b)  -> (artifact id: '296fba6bb450f9934602137adc165ffb') in 0.049051 seconds 
========================================================================
Received Import Request.
  Time since last request: 0.000352 seconds.
  path: Assets/materiales/rojo.mat
  artifactKey: Guid(936a59ea629229e46acc8d94b8b36834) Importer(815301076,1909f56bfc062723c751e8b465ee728b)
Start importing Assets/materiales/rojo.mat using Guid(936a59ea629229e46acc8d94b8b36834) Importer(815301076,1909f56bfc062723c751e8b465ee728b)  -> (artifact id: 'e08a819f721d74ab7944f6af59358b1d') in 0.086486 seconds 
========================================================================
Received Import Request.
  Time since last request: 0.001584 seconds.
  path: Assets/materiales/naranja.mat
  artifactKey: Guid(c645890fe99585c4e9c9d9f0e4efd059) Importer(815301076,1909f56bfc062723c751e8b465ee728b)
Start importing Assets/materiales/naranja.mat using Guid(c645890fe99585c4e9c9d9f0e4efd059) Importer(815301076,1909f56bfc062723c751e8b465ee728b)  -> (artifact id: '41e60ca699c0db199bbc08875b3dcaa5') in 0.068236 seconds 
========================================================================
Received Import Request.
  Time since last request: 7.874925 seconds.
  path: Assets/Scenes/Nivel1.unity
  artifactKey: Guid(d480357e08d840e45b7c04626f1dfde9) Importer(815301076,1909f56bfc062723c751e8b465ee728b)
Start importing Assets/Scenes/Nivel1.unity using Guid(d480357e08d840e45b7c04626f1dfde9) Importer(815301076,1909f56bfc062723c751e8b465ee728b)  -> (artifact id: 'a2a8b32efb986a204b18af01011c2ffd') in 0.014313 seconds 
========================================================================
Received Import Request.
  Time since last request: 0.900648 seconds.
  path: Assets/Scenes/Nivel2.unity
  artifactKey: Guid(a2fb8544933370f499c72f06dd4ab180) Importer(815301076,1909f56bfc062723c751e8b465ee728b)
Start importing Assets/Scenes/Nivel2.unity using Guid(a2fb8544933370f499c72f06dd4ab180) Importer(815301076,1909f56bfc062723c751e8b465ee728b)  -> (artifact id: 'b46de60b6a7130dffbeef2f8c2d7d499') in 0.020067 seconds 
========================================================================
Received Import Request.
  Time since last request: 0.803430 seconds.
  path: Assets/Scenes/Nivel3.unity
  artifactKey: Guid(6f558db2c1b7aa14884802cb65c8e4c5) Importer(815301076,1909f56bfc062723c751e8b465ee728b)
Start importing Assets/Scenes/Nivel3.unity using Guid(6f558db2c1b7aa14884802cb65c8e4c5) Importer(815301076,1909f56bfc062723c751e8b465ee728b)  -> (artifact id: '385612dc48eb92aa713c1cf616f37c83') in 0.031841 seconds 
========================================================================
Received Import Request.
  Time since last request: 83.164403 seconds.
  path: Assets/materiales/NewBehaviourScript.cs
  artifactKey: Guid(3eb50be695e82394f92ab2e630f61cfa) Importer(815301076,1909f56bfc062723c751e8b465ee728b)
Start importing Assets/materiales/NewBehaviourScript.cs using Guid(3eb50be695e82394f92ab2e630f61cfa) Importer(815301076,1909f56bfc062723c751e8b465ee728b)  -> (artifact id: '8604e25caeb33324f99d6c297e014132') in 2.432777 seconds 
========================================================================
Received Import Request.
  Time since last request: 0.000515 seconds.
  path: Assets/Scripts/NewBehaviourScript.cs
  artifactKey: Guid(814f6411af7a3c6408b4fb95f0fcb8b4) Importer(815301076,1909f56bfc062723c751e8b465ee728b)
Start importing Assets/Scripts/NewBehaviourScript.cs using Guid(814f6411af7a3c6408b4fb95f0fcb8b4) Importer(815301076,1909f56bfc062723c751e8b465ee728b)  -> (artifact id: 'dd57aa800835a236c54c14ee2acd31a9') in 1.539462 seconds 
========================================================================
Received Import Request.
  Time since last request: 91.697309 seconds.
  path: Assets/cs/tiempo.cs
  artifactKey: Guid(09c437343156b8b45ba92a1f6f90f1bc) Importer(815301076,1909f56bfc062723c751e8b465ee728b)
Start importing Assets/cs/tiempo.cs using Guid(09c437343156b8b45ba92a1f6f90f1bc) Importer(815301076,1909f56bfc062723c751e8b465ee728b)  -> (artifact id: 'b035299ef3d99fbb41d67af60642d332') in 0.179129 seconds 
========================================================================
Received Import Request.
  Time since last request: 15.068238 seconds.
  path: Assets/cs/tiempo1.cs
  artifactKey: Guid(09c437343156b8b45ba92a1f6f90f1bc) Importer(815301076,1909f56bfc062723c751e8b465ee728b)
Start importing Assets/cs/tiempo1.cs using Guid(09c437343156b8b45ba92a1f6f90f1bc) Importer(815301076,1909f56bfc062723c751e8b465ee728b)  -> (artifact id: '09b5ad4e0f9aaed02291ec484f7558dd') in 0.157867 seconds 
========================================================================
Received Import Request.
  Time since last request: 5.211163 seconds.
  path: Assets/Scrip/tiempo.cs
  artifactKey: Guid(4cd77290e4df611479a493fbe8996cc2) Importer(815301076,1909f56bfc062723c751e8b465ee728b)
Start importing Assets/Scrip/tiempo.cs using Guid(4cd77290e4df611479a493fbe8996cc2) Importer(815301076,1909f56bfc062723c751e8b465ee728b)  -> (artifact id: 'ce30287dcbc9d127c2e324b63423cf62') in 0.008113 seconds 
========================================================================
Received Import Request.
  Time since last request: 3.436376 seconds.
  path: Assets/Scrip/tiempo2.cs
  artifactKey: Guid(4cd77290e4df611479a493fbe8996cc2) Importer(815301076,1909f56bfc062723c751e8b465ee728b)
Start importing Assets/Scrip/tiempo2.cs using Guid(4cd77290e4df611479a493fbe8996cc2) Importer(815301076,1909f56bfc062723c751e8b465ee728b)  -> (artifact id: '700434ca91de5346e66b22f31076423f') in 0.014762 seconds 
========================================================================
Received Import Request.
  Time since last request: 65.199737 seconds.
  path: Assets/materiales/Materials/crono.png
  artifactKey: Guid(9f62dd9513951e94d9ab8edbba463c4a) Importer(815301076,1909f56bfc062723c751e8b465ee728b)
Start importing Assets/materiales/Materials/crono.png using Guid(9f62dd9513951e94d9ab8edbba463c4a) Importer(815301076,1909f56bfc062723c751e8b465ee728b)  -> (artifact id: 'cb406955f9f3f59775d1e6f50c2100cf') in 0.262302 seconds 
========================================================================
Received Import Request.
  Time since last request: 27.921602 seconds.
  path: Assets/TextMesh Pro/Examples & Extras/Resources/Color Gradient Presets/Blue to Purple - Vertical.asset
  artifactKey: Guid(479a66fa4b094512a62b0a8e553ad95a) Importer(815301076,1909f56bfc062723c751e8b465ee728b)
Start importing Assets/TextMesh Pro/Examples & Extras/Resources/Color Gradient Presets/Blue to Purple - Vertical.asset using Guid(479a66fa4b094512a62b0a8e553ad95a) Importer(815301076,1909f56bfc062723c751e8b465ee728b)  -> (artifact id: '74bc1c02dddcc06560845594c7ed8b9d') in 0.208977 seconds 
========================================================================
Received Import Request.
  Time since last request: 0.000389 seconds.
  path: Assets/Plugins/LeapMotion/Modules/Hands/Resources/EditorDocumentationGreenUpstate.png
  artifactKey: Guid(de6e3ca6b9ef99647a74b9d658eb67d0) Importer(815301076,1909f56bfc062723c751e8b465ee728b)
Start importing Assets/Plugins/LeapMotion/Modules/Hands/Resources/EditorDocumentationGreenUpstate.png using Guid(de6e3ca6b9ef99647a74b9d658eb67d0) Importer(815301076,1909f56bfc062723c751e8b465ee728b)  -> (artifact id: 'bc763e84f6c85f495ce3757c1ac43f0d') in 0.164486 seconds 
========================================================================
Received Import Request.
  Time since last request: 0.000472 seconds.
  path: Assets/TextMesh Pro/Examples & Extras/Resources/Color Gradient Presets/Dark to Light Green - Vertical.asset
  artifactKey: Guid(4c86a3366cd840348ebe8dc438570ee4) Importer(815301076,1909f56bfc062723c751e8b465ee728b)
Start importing Assets/TextMesh Pro/Examples & Extras/Resources/Color Gradient Presets/Dark to Light Green - Vertical.asset using Guid(4c86a3366cd840348ebe8dc438570ee4) Importer(815301076,1909f56bfc062723c751e8b465ee728b)  -> (artifact id: '6ae211fe08bafc04a96ba902d33150e2') in 0.082491 seconds 
========================================================================
Received Import Request.
  Time since last request: 0.000506 seconds.
  path: Assets/TextMesh Pro/Examples & Extras/Textures/Floor Tiles 1 - diffuse.jpg
  artifactKey: Guid(85ac55597b97403c82fc6601a93cf241) Importer(815301076,1909f56bfc062723c751e8b465ee728b)
Start importing Assets/TextMesh Pro/Examples & Extras/Textures/Floor Tiles 1 - diffuse.jpg using Guid(85ac55597b97403c82fc6601a93cf241) Importer(815301076,1909f56bfc062723c751e8b465ee728b)  -> (artifact id: '0f321bc6e6fb90947444aeb433c87ac0') in 0.164796 seconds 
========================================================================
Received Import Request.
  Time since last request: 0.000370 seconds.
  path: Assets/Plugins/LeapMotion/Modules/Hands/Resources/EditorDocumentationGreenDownstate.png
  artifactKey: Guid(723105ede9d37d940b08436c38b7e5ee) Importer(815301076,1909f56bfc062723c751e8b465ee728b)
Start importing Assets/Plugins/LeapMotion/Modules/Hands/Resources/EditorDocumentationGreenDownstate.png using Guid(723105ede9d37d940b08436c38b7e5ee) Importer(815301076,1909f56bfc062723c751e8b465ee728b)  -> (artifact id: '8ec97853eefb93a54595c6feb396c33f') in 0.086690 seconds 
========================================================================
Received Import Request.
  Time since last request: 0.000583 seconds.
  path: Assets/Plugins/LeapMotion/Modules/InteractionEngine/Examples/Common Example Assets/Prefabs/Explanation Text.prefab
  artifactKey: Guid(d53bbce24b78fb742ba7b93ce8a36f86) Importer(815301076,1909f56bfc062723c751e8b465ee728b)
Start importing Assets/Plugins/LeapMotion/Modules/InteractionEngine/Examples/Common Example Assets/Prefabs/Explanation Text.prefab using Guid(d53bbce24b78fb742ba7b93ce8a36f86) Importer(815301076,1909f56bfc062723c751e8b465ee728b)  -> (artifact id: '7ac4a94bf6bf73286595f06649fa8412') in 0.349290 seconds 
========================================================================
Received Prepare
Registering precompiled user dll's ...
Registered in 0.191554 seconds.
Begin MonoManager ReloadAssembly
Native extension for WindowsStandalone target not found
Native extension for WebGL target not found
Refreshing native plugins compatible for Editor in 0.60 ms, found 1 plugins.
Preloading 0 native plugins for Editor in 0.00 ms.
Warning: Annotation not found!
UnityEngine.StackTraceUtility:ExtractStackTrace ()
UnityEditor.ProBuilder.EditorUtility:SetGizmoIconEnabled (System.Type,bool) (at Library/PackageCache/com.unity.probuilder@5.0.1/Editor/EditorCore/EditorUtility.cs:575)
UnityEditor.ProBuilder.HierarchyListener:.cctor () (at Library/PackageCache/com.unity.probuilder@5.0.1/Editor/EditorCore/HierarchyListener.cs:21)
System.Runtime.CompilerServices.RuntimeHelpers:RunClassConstructor (System.RuntimeTypeHandle)
UnityEditor.EditorAssemblies:ProcessInitializeOnLoadAttributes (System.Type[])

[Library/PackageCache/com.unity.probuilder@5.0.1/Editor/EditorCore/EditorUtility.cs line 575]

Mono: successfully reloaded assembly
- Completed reload, in  1.586 seconds
Domain Reload Profiling:
	ReloadAssembly (1587ms)
		BeginReloadAssembly (238ms)
			ExecutionOrderSort (0ms)
			DisableScriptedObjects (6ms)
			BackupInstance (0ms)
			ReleaseScriptingObjects (0ms)
			CreateAndSetChildDomain (43ms)
		EndReloadAssembly (1246ms)
			LoadAssemblies (200ms)
			RebuildTransferFunctionScriptingTraits (0ms)
			SetupTypeCache (433ms)
			ReleaseScriptCaches (1ms)
			RebuildScriptCaches (72ms)
			SetupLoadedEditorAssemblies (404ms)
				LogAssemblyErrors (0ms)
				InitializePlatformSupportModulesInManaged (10ms)
				SetLoadedEditorAssemblies (1ms)
				RefreshPlugins (1ms)
				BeforeProcessingInitializeOnLoad (101ms)
				ProcessInitializeOnLoadAttributes (272ms)
				ProcessInitializeOnLoadMethodAttributes (8ms)
				AfterProcessingInitializeOnLoad (10ms)
				EditorAssembliesLoaded (0ms)
			ExecutionOrderSort2 (0ms)
			AwakeInstancesAfterBackupRestoration (10ms)
Platform modules already initialized, skipping
Refreshing native plugins compatible for Editor in 0.81 ms, found 1 plugins.
Preloading 0 native plugins for Editor in 0.00 ms.
Unloading 2016 Unused Serialized files (Serialized files now loaded: 0)
System memory in use before: 94.7 MB.
System memory in use after: 94.8 MB.

Unloading 13 unused Assets to reduce memory usage. Loaded Objects now: 2552.
Total: 16.283000 ms (FindLiveObjects: 0.398900 ms CreateObjectMapping: 0.141100 ms MarkObjects: 15.587600 ms  DeleteObjects: 0.153100 ms)

AssetImportParameters requested are different than current active one (requested -> active):
  custom:framework-win-MediaFoundation: 216162199b28c13a410421893ffa2e32 -> 
  custom:video-decoder-ogg-theora: a1e56fd34408186e4bbccfd4996cb3dc -> 
  custom:container-muxer-webm: aa71ff27fc2769a1b78a27578f13a17b -> 
  custom:container-demuxer-webm: 4f35f7cbe854078d1ac9338744f61a02 -> 
  custom:container-demuxer-ogg: 62fdf1f143b41e24485cea50d1cbac27 -> 
  custom:video-encoder-webm-vp8: eb34c28f22e8b96e1ab97ce403110664 -> 
  custom:video-decoder-webm-vp8: 9c59270c3fd7afecdb556c50c9e8de78 -> 
  custom:audio-decoder-ogg-vorbis: bf7c407c2cedff20999df2af8eb42d56 -> 
  custom:audio-encoder-webm-vorbis: bf7c407c2cedff20999df2af8eb42d56 -> 
========================================================================
Received Import Request.
  Time since last request: 192.993241 seconds.
  path: Assets/el dado.unity
  artifactKey: Guid(71f11f48114893947b95e5c1f6447482) Importer(815301076,1909f56bfc062723c751e8b465ee728b)
Start importing Assets/el dado.unity using Guid(71f11f48114893947b95e5c1f6447482) Importer(815301076,1909f56bfc062723c751e8b465ee728b)  -> (artifact id: '810b9d70b6fd3a535f86969a22637e67') in 0.044490 seconds 
========================================================================
Received Import Request.
  Time since last request: 20.698423 seconds.
  path: Assets/Scrip/tiempo.cs
  artifactKey: Guid(d6a9ddd9461479f4796b6cef8bd2d7aa) Importer(815301076,1909f56bfc062723c751e8b465ee728b)
Start importing Assets/Scrip/tiempo.cs using Guid(d6a9ddd9461479f4796b6cef8bd2d7aa) Importer(815301076,1909f56bfc062723c751e8b465ee728b)  -> (artifact id: 'b0adcf89e3cb972b2fa4b05bc8314698') in 0.007451 seconds 
========================================================================
Received Prepare
Registering precompiled user dll's ...
Registered in 0.008070 seconds.
Begin MonoManager ReloadAssembly
Native extension for WindowsStandalone target not found
Native extension for WebGL target not found
Refreshing native plugins compatible for Editor in 0.60 ms, found 1 plugins.
Preloading 0 native plugins for Editor in 0.00 ms.
Warning: Annotation not found!
UnityEngine.StackTraceUtility:ExtractStackTrace ()
UnityEditor.ProBuilder.EditorUtility:SetGizmoIconEnabled (System.Type,bool) (at Library/PackageCache/com.unity.probuilder@5.0.1/Editor/EditorCore/EditorUtility.cs:575)
UnityEditor.ProBuilder.HierarchyListener:.cctor () (at Library/PackageCache/com.unity.probuilder@5.0.1/Editor/EditorCore/HierarchyListener.cs:21)
System.Runtime.CompilerServices.RuntimeHelpers:RunClassConstructor (System.RuntimeTypeHandle)
UnityEditor.EditorAssemblies:ProcessInitializeOnLoadAttributes (System.Type[])

[Library/PackageCache/com.unity.probuilder@5.0.1/Editor/EditorCore/EditorUtility.cs line 575]

Mono: successfully reloaded assembly
- Completed reload, in  1.739 seconds
Domain Reload Profiling:
	ReloadAssembly (1740ms)
		BeginReloadAssembly (242ms)
			ExecutionOrderSort (0ms)
			DisableScriptedObjects (11ms)
			BackupInstance (0ms)
			ReleaseScriptingObjects (0ms)
			CreateAndSetChildDomain (59ms)
		EndReloadAssembly (1312ms)
			LoadAssemblies (209ms)
			RebuildTransferFunctionScriptingTraits (0ms)
			SetupTypeCache (444ms)
			ReleaseScriptCaches (1ms)
			RebuildScriptCaches (70ms)
			SetupLoadedEditorAssemblies (416ms)
				LogAssemblyErrors (0ms)
				InitializePlatformSupportModulesInManaged (10ms)
				SetLoadedEditorAssemblies (1ms)
				RefreshPlugins (1ms)
				BeforeProcessingInitializeOnLoad (98ms)
				ProcessInitializeOnLoadAttributes (288ms)
				ProcessInitializeOnLoadMethodAttributes (8ms)
				AfterProcessingInitializeOnLoad (11ms)
				EditorAssembliesLoaded (0ms)
			ExecutionOrderSort2 (0ms)
			AwakeInstancesAfterBackupRestoration (11ms)
Platform modules already initialized, skipping
Refreshing native plugins compatible for Editor in 1.71 ms, found 1 plugins.
Preloading 0 native plugins for Editor in 0.00 ms.
Unloading 2016 Unused Serialized files (Serialized files now loaded: 0)
System memory in use before: 94.7 MB.
System memory in use after: 94.8 MB.

Unloading 12 unused Assets to reduce memory usage. Loaded Objects now: 2555.
Total: 9.271600 ms (FindLiveObjects: 0.869900 ms CreateObjectMapping: 0.544900 ms MarkObjects: 7.697100 ms  DeleteObjects: 0.155600 ms)

AssetImportParameters requested are different than current active one (requested -> active):
  custom:framework-win-MediaFoundation: 216162199b28c13a410421893ffa2e32 -> 
  custom:video-decoder-ogg-theora: a1e56fd34408186e4bbccfd4996cb3dc -> 
  custom:container-muxer-webm: aa71ff27fc2769a1b78a27578f13a17b -> 
  custom:container-demuxer-webm: 4f35f7cbe854078d1ac9338744f61a02 -> 
  custom:container-demuxer-ogg: 62fdf1f143b41e24485cea50d1cbac27 -> 
  custom:video-encoder-webm-vp8: eb34c28f22e8b96e1ab97ce403110664 -> 
  custom:video-decoder-webm-vp8: 9c59270c3fd7afecdb556c50c9e8de78 -> 
  custom:audio-decoder-ogg-vorbis: bf7c407c2cedff20999df2af8eb42d56 -> 
  custom:audio-encoder-webm-vorbis: bf7c407c2cedff20999df2af8eb42d56 -> 
========================================================================
Received Prepare
Registering precompiled user dll's ...
Registered in 0.015130 seconds.
Begin MonoManager ReloadAssembly
Native extension for WindowsStandalone target not found
Native extension for WebGL target not found
Refreshing native plugins compatible for Editor in 0.70 ms, found 1 plugins.
Preloading 0 native plugins for Editor in 0.00 ms.
Warning: Annotation not found!
UnityEngine.StackTraceUtility:ExtractStackTrace ()
UnityEditor.ProBuilder.EditorUtility:SetGizmoIconEnabled (System.Type,bool) (at Library/PackageCache/com.unity.probuilder@5.0.1/Editor/EditorCore/EditorUtility.cs:575)
UnityEditor.ProBuilder.HierarchyListener:.cctor () (at Library/PackageCache/com.unity.probuilder@5.0.1/Editor/EditorCore/HierarchyListener.cs:21)
System.Runtime.CompilerServices.RuntimeHelpers:RunClassConstructor (System.RuntimeTypeHandle)
UnityEditor.EditorAssemblies:ProcessInitializeOnLoadAttributes (System.Type[])

[Library/PackageCache/com.unity.probuilder@5.0.1/Editor/EditorCore/EditorUtility.cs line 575]

Mono: successfully reloaded assembly
- Completed reload, in  4.794 seconds
Domain Reload Profiling:
	ReloadAssembly (4795ms)
		BeginReloadAssembly (1244ms)
			ExecutionOrderSort (0ms)
			DisableScriptedObjects (9ms)
			BackupInstance (0ms)
			ReleaseScriptingObjects (0ms)
			CreateAndSetChildDomain (65ms)
		EndReloadAssembly (3416ms)
			LoadAssemblies (2632ms)
			RebuildTransferFunctionScriptingTraits (0ms)
			SetupTypeCache (780ms)
			ReleaseScriptCaches (1ms)
			RebuildScriptCaches (78ms)
			SetupLoadedEditorAssemblies (680ms)
				LogAssemblyErrors (0ms)
				InitializePlatformSupportModulesInManaged (12ms)
				SetLoadedEditorAssemblies (1ms)
				RefreshPlugins (1ms)
				BeforeProcessingInitializeOnLoad (114ms)
				ProcessInitializeOnLoadAttributes (518ms)
				ProcessInitializeOnLoadMethodAttributes (20ms)
				AfterProcessingInitializeOnLoad (13ms)
				EditorAssembliesLoaded (1ms)
			ExecutionOrderSort2 (0ms)
			AwakeInstancesAfterBackupRestoration (22ms)
Platform modules already initialized, skipping
Refreshing native plugins compatible for Editor in 1.20 ms, found 1 plugins.
Preloading 0 native plugins for Editor in 0.00 ms.
Unloading 2016 Unused Serialized files (Serialized files now loaded: 0)
System memory in use before: 94.7 MB.
System memory in use after: 94.8 MB.

Unloading 12 unused Assets to reduce memory usage. Loaded Objects now: 2558.
Total: 4.969000 ms (FindLiveObjects: 0.363300 ms CreateObjectMapping: 0.213000 ms MarkObjects: 4.273400 ms  DeleteObjects: 0.117700 ms)

AssetImportParameters requested are different than current active one (requested -> active):
  custom:framework-win-MediaFoundation: 216162199b28c13a410421893ffa2e32 -> 
  custom:video-decoder-ogg-theora: a1e56fd34408186e4bbccfd4996cb3dc -> 
  custom:container-muxer-webm: aa71ff27fc2769a1b78a27578f13a17b -> 
  custom:container-demuxer-webm: 4f35f7cbe854078d1ac9338744f61a02 -> 
  custom:container-demuxer-ogg: 62fdf1f143b41e24485cea50d1cbac27 -> 
  custom:video-encoder-webm-vp8: eb34c28f22e8b96e1ab97ce403110664 -> 
  custom:video-decoder-webm-vp8: 9c59270c3fd7afecdb556c50c9e8de78 -> 
  custom:audio-decoder-ogg-vorbis: bf7c407c2cedff20999df2af8eb42d56 -> 
  custom:audio-encoder-webm-vorbis: bf7c407c2cedff20999df2af8eb42d56 -> 
